<?xml version="1.0" encoding="UTF-8"?><testrun name="testRunner" project="Qualitest" tests="1" started="1" failures="1" errors="0" ignored="0">
  <testsuite name="TestRunner.testRunner" time="35.894">
    <testsuite name="Cart Item Validation." time="35.894">
      <testcase name="Remove lowest price item from cart and Validate cart items" classname="Cart Item Validation." time="35.894">
        <failure>java.lang.AssertionError&#13;
	at org.junit.Assert.fail(Assert.java:87)&#13;
	at org.junit.Assert.assertTrue(Assert.java:42)&#13;
	at org.junit.Assert.assertTrue(Assert.java:53)&#13;
	at Pages.cartPage.itemsAtCartValidation(cartPage.java:27)&#13;
	at StepDefinition.cartItemSteps.i_found_total_items_in_my_cart(cartItemSteps.java:53)&#13;
	at âœ½.I found total 4 items in my cart(file:///C:/Users/Nikitha/Desktop/Qualitest/Qualitest/src/test/resources/Features/cartItems.feature:6)&#13;
&#13;
</failure>
      </testcase>
    </testsuite>
  </testsuite>
</testrun>
