<?xml version="1.0" encoding="UTF-8" standalone="no"?>
<testsuite errors="0" failures="0" name="io.cucumber.core.plugin.JUnitFormatter" skipped="0" tests="1" time="11.751">
<testcase classname="Cart Item Validation." name="Remove lowest price item from cart and Validate cart items" time="11.604">
<system-out><![CDATA[Given I add 4 random items to my cart.......................................passed
When I view my cart.........................................................passed
Then I found total 4 items in my cart.......................................passed
Then I serach for lowest price item.........................................passed
And I am able to remove the lowest price item from my cart..................passed
Then I am able to verify 3 items in my cart.................................passed
]]></system-out>
</testcase>
</testsuite>
